-------------------------------------------------------------------------------
Test set: com.portfolio.LauraCanete.LauraCaneteApplicationTests
-------------------------------------------------------------------------------
Tests run: 1, Failures: 0, Errors: 1, Skipped: 0, Time elapsed: 11.097 s <<< FAILURE! - in com.portfolio.LauraCanete.LauraCaneteApplicationTests
Loads  Time elapsed: 0.018 s  <<< ERROR!
java.lang.IllegalStateException: Failed to load ApplicationContext
Caused by: org.springframework.beans.factory.BeanCreationException: Error creating bean with name 'entityManagerFactory' defined in class path resource [org/springframework/boot/autoconfigure/orm/jpa/HibernateJpaConfiguration.class]: Invocation of init method failed; nested exception is org.hibernate.AnnotationException: No identifier specified for entity: com.portfolio.LauraCanete.Entity.circulos
Caused by: org.hibernate.AnnotationException: No identifier specified for entity: com.portfolio.LauraCanete.Entity.circulos

